<?xml version="1.0" encoding="UTF-8"?>
<!-- Generated by org.testng.reporters.JUnitReportReporter -->
<testsuite hostname="Kamal-PC" name="com.StringJava.IntConcept" tests="1" failures="0" timestamp="22 May 2016 05:30:39 GMT" time="0.000" errors="0">
  <testcase name="revers" time="0.000" classname="com.StringJava.IntConcept"/>
</testsuite> <!-- com.StringJava.IntConcept -->
